<?xml version="1.0" encoding="UTF-8"?>
<!-- Generated by org.testng.reporters.JUnitReportReporter -->
<testsuite hostname="sushil" failures="0" tests="1" name="cucumberOptions.TestNGRunner" time="19.383" errors="0" timestamp="2023-11-23T15:28:34 IST" skipped="0">
  <testcase classname="cucumberOptions.TestNGRunner" name="runScenario" time="19.383"/>
  <system-out/>
</testsuite> <!-- cucumberOptions.TestNGRunner -->
