<?xml version="1.0" encoding="UTF-8"?>
<!-- Generated by org.testng.reporters.JUnitReportReporter -->
<testsuite hostname="sushil" failures="0" tests="2" name="cucumberOptions.TestNGRunner" time="21.172" errors="0" timestamp="2023-09-19T11:27:02 IST" skipped="0">
  <testcase classname="cucumberOptions.TestNGRunner" name="runScenario" time="21.167"/>
  <system-out/>
  <testcase classname="cucumberOptions.TestNGRunner" name="runCucumber" time="0.005"/>
  <system-out/>
</testsuite> <!-- cucumberOptions.TestNGRunner -->
