<?xml version="1.0" encoding="UTF-8"?>
<!-- Generated by org.testng.reporters.JUnitReportReporter -->
<testsuite hostname="sushil" failures="0" tests="1" name="cucumberOptions.TestNGRunner" time="13.928" errors="0" timestamp="2023-11-24T16:08:21 IST" skipped="0">
  <testcase classname="cucumberOptions.TestNGRunner" name="runScenario" time="13.928"/>
  <system-out/>
</testsuite> <!-- cucumberOptions.TestNGRunner -->
