<?xml version="1.0" encoding="UTF-8"?>
<!-- Generated by org.testng.reporters.JUnitReportReporter -->
<testsuite hostname="sushil" failures="0" tests="1" name="cucumberOptions.TestNGRunner" time="11.557" errors="0" timestamp="2023-08-14T13:05:16 IST" skipped="0">
  <testcase classname="cucumberOptions.TestNGRunner" name="runScenario" time="11.557"/>
  <system-out/>
</testsuite> <!-- cucumberOptions.TestNGRunner -->
